[30/11/2018 10:55:21] : villi - Distro: Darwin
Git: git version 2.19.0
NPM: 6.4.1
NodeJS: v10.11.0
AWSCli: aws-cli/1.16.62 Python/3.7.0 Darwin/18.2.0 botocore/1.12.52
Terraform: Terraform v0.11.10 + provider.aws v1.49.0
Docker: Docker version 18.09.0, build 4d60db4

[30/11/2018 10:56:56] : villi - Distro: Darwin
Git: git version 2.19.0
NPM: 6.4.1
NodeJS: v10.11.0
AWSCli: aws-cli/1.16.62 Python/3.7.0 Darwin/18.2.0 botocore/1.12.52
Terraform: Terraform v0.11.10 + provider.aws v1.49.0
Docker: Docker version 18.09.0, build 4d60db4

[30/11/2018 10:59:50] : villi - Distro: Darwin
Git: git version 2.19.0
NPM: 6.4.1
NodeJS: v10.11.0
AWSCli: aws-cli/1.16.62 Python/3.7.0 Darwin/18.2.0 botocore/1.12.52
Terraform: Terraform v0.11.10 + provider.aws v1.49.0
Docker: Docker version 18.09.0, build 4d60db4

[30/11/2018 11:00:17] : villi - Distro: Darwin
Git: git version 2.19.0
NPM: 6.4.1
NodeJS: v10.11.0
AWSCli: aws-cli/1.16.62 Python/3.7.0 Darwin/18.2.0 botocore/1.12.52
Terraform: Terraform v0.11.10 + provider.aws v1.49.0
Docker: Docker version 18.09.0, build 4d60db4

[30/11/2018 11:01:46] : villi - Distro: Darwin
Git: git version 2.19.0
NPM: 6.4.1
NodeJS: v10.11.0
AWSCli: aws-cli/1.16.62 Python/3.7.0 Darwin/18.2.0 botocore/1.12.52
Terraform: Terraform v0.11.10 + provider.aws v1.49.0
Docker: Docker version 18.09.0, build 4d60db4

[30/11/2018 11:02:07] : villi - Distro: Darwin
Git: git version 2.19.0
NPM: 6.4.1
NodeJS: v10.11.0
AWSCli: aws-cli/1.16.62 Python/3.7.0 Darwin/18.2.0 botocore/1.12.52
Terraform: Terraform v0.11.10 + provider.aws v1.49.0
Docker: Docker version 18.09.0, build 4d60db4

[30/11/2018 11:04:14] : villi - Distro: Darwin
Git: git version 2.19.0
NPM: 6.4.1
NodeJS: v10.11.0
AWSCli: aws-cli/1.16.62 Python/3.7.0 Darwin/18.2.0 botocore/1.12.52
Terraform: Terraform v0.11.10 + provider.aws v1.49.0
Docker: Docker version 18.09.0, build 4d60db4

